Flow report for tx
Thu Dec 14 05:13:43 2023
Quartus Prime Version 22.1std.2 Build 922 07/20/2023 SC Lite Edition


---------------------
; Table of Contents ;
---------------------
  1. Legal Notice
  2. Flow Summary
  3. Flow Settings
  4. Flow Non-Default Global Settings
  5. Flow Elapsed Time
  6. Flow OS Summary
  7. Flow Log
  8. Flow Messages
  9. Flow Suppressed Messages



----------------
; Legal Notice ;
----------------
Copyright (C) 2023  Intel Corporation. All rights reserved.
Your use of Intel Corporation's design tools, logic functions 
and other software and tools, and any partner logic 
functions, and any output files from any of the foregoing 
(including device programming or simulation files), and any 
associated documentation or information are expressly subject 
to the terms and conditions of the Intel Program License 
Subscription Agreement, the Intel Quartus Prime License Agreement,
the Intel FPGA IP License Agreement, or other applicable license
agreement, including, without limitation, that your use is for
the sole purpose of programming logic devices manufactured by
Intel and sold by Intel or its authorized distributors.  Please
refer to the applicable agreement for further details, at
https://fpgasoftware.intel.com/eula.



+----------------------------------------------------------------------------------+
; Flow Summary                                                                     ;
+---------------------------------+------------------------------------------------+
; Flow Status                     ; Successful - Thu Dec 14 05:13:18 2023          ;
; Quartus Prime Version           ; 22.1std.2 Build 922 07/20/2023 SC Lite Edition ;
; Revision Name                   ; tx                                             ;
; Top-level Entity Name           ; tx                                             ;
; Family                          ; Cyclone V                                      ;
; Device                          ; 5CEFA9U19I7                                    ;
; Timing Models                   ; Final                                          ;
; Logic utilization (in ALMs)     ; 244 / 113,560 ( < 1 % )                        ;
; Total registers                 ; 242                                            ;
; Total pins                      ; 48 / 240 ( 20 % )                              ;
; Total virtual pins              ; 0                                              ;
; Total block memory bits         ; 0 / 12,492,800 ( 0 % )                         ;
; Total DSP Blocks                ; 0 / 342 ( 0 % )                                ;
; Total HSSI RX PCSs              ; 0                                              ;
; Total HSSI PMA RX Deserializers ; 0                                              ;
; Total HSSI TX PCSs              ; 0                                              ;
; Total HSSI PMA TX Serializers   ; 0                                              ;
; Total PLLs                      ; 0 / 8 ( 0 % )                                  ;
; Total DLLs                      ; 0 / 4 ( 0 % )                                  ;
+---------------------------------+------------------------------------------------+


+-----------------------------------------+
; Flow Settings                           ;
+-------------------+---------------------+
; Option            ; Setting             ;
+-------------------+---------------------+
; Start date & time ; 12/14/2023 05:09:51 ;
; Main task         ; Compilation         ;
; Revision Name     ; tx                  ;
+-------------------+---------------------+


+----------------------------------------------------------------------------------------------------------------------------+
; Flow Non-Default Global Settings                                                                                           ;
+--------------------------------------+----------------------------------------+---------------+-------------+--------------+
; Assignment Name                      ; Value                                  ; Default Value ; Entity Name ; Section Id   ;
+--------------------------------------+----------------------------------------+---------------+-------------+--------------+
; COMPILER_SIGNATURE_ID                ; 2543711158273.170252339121684          ; --            ; --          ; --           ;
; FITTER_EFFORT                        ; Standard Fit                           ; Auto Fit      ; --          ; --           ;
; FLOW_ENABLE_POWER_ANALYZER           ; On                                     ; Off           ; --          ; --           ;
; MAX_CORE_JUNCTION_TEMP               ; 100                                    ; --            ; --          ; --           ;
; MIN_CORE_JUNCTION_TEMP               ; -40                                    ; --            ; --          ; --           ;
; MUX_RESTRUCTURE                      ; Off                                    ; Auto          ; --          ; --           ;
; OPTIMIZATION_MODE                    ; Aggressive Performance                 ; Balanced      ; --          ; --           ;
; OPTIMIZATION_TECHNIQUE               ; Speed                                  ; Balanced      ; --          ; --           ;
; PARTITION_COLOR                      ; -- (Not supported for targeted family) ; --            ; --          ; Top          ;
; PARTITION_FITTER_PRESERVATION_LEVEL  ; -- (Not supported for targeted family) ; --            ; --          ; Top          ;
; PARTITION_NETLIST_TYPE               ; -- (Not supported for targeted family) ; --            ; --          ; Top          ;
; PHYSICAL_SYNTHESIS_COMBO_LOGIC       ; On                                     ; Off           ; --          ; --           ;
; PHYSICAL_SYNTHESIS_REGISTER_RETIMING ; On                                     ; Off           ; --          ; --           ;
; PLACEMENT_EFFORT_MULTIPLIER          ; 4.0                                    ; 1.0           ; --          ; --           ;
; POWER_BOARD_THERMAL_MODEL            ; None (CONSERVATIVE)                    ; --            ; --          ; --           ;
; POWER_DEFAULT_INPUT_IO_TOGGLE_RATE   ; 12.5 %                                 ; 12.5%         ; --          ; --           ;
; POWER_INPUT_FILE_NAME                ; ../vcd_file.vcd                        ; --            ; --          ; vcd_file.vcd ;
; POWER_PRESET_COOLING_SOLUTION        ; 23 MM HEAT SINK WITH 200 LFPM AIRFLOW  ; --            ; --          ; --           ;
; POWER_USE_INPUT_FILES                ; On                                     ; Off           ; --          ; --           ;
; PROJECT_OUTPUT_DIRECTORY             ; output_files                           ; --            ; --          ; --           ;
; ROUTER_TIMING_OPTIMIZATION_LEVEL     ; MAXIMUM                                ; Normal        ; --          ; --           ;
+--------------------------------------+----------------------------------------+---------------+-------------+--------------+


+--------------------------------------------------------------------------------------------------------------------------+
; Flow Elapsed Time                                                                                                        ;
+----------------------+--------------+-------------------------+---------------------+------------------------------------+
; Module Name          ; Elapsed Time ; Average Processors Used ; Peak Virtual Memory ; Total CPU Time (on all processors) ;
+----------------------+--------------+-------------------------+---------------------+------------------------------------+
; Analysis & Synthesis ; 00:00:30     ; 1.0                     ; 4901 MB             ; 00:00:34                           ;
; Fitter               ; 00:02:06     ; 1.0                     ; 7264 MB             ; 00:02:35                           ;
; Assembler            ; 00:00:38     ; 1.0                     ; 4912 MB             ; 00:00:37                           ;
; Power Analyzer       ; 00:00:29     ; 1.1                     ; 5436 MB             ; 00:00:30                           ;
; Timing Analyzer      ; 00:00:23     ; 1.3                     ; 5340 MB             ; 00:00:24                           ;
; Total                ; 00:04:06     ; --                      ; --                  ; 00:04:40                           ;
+----------------------+--------------+-------------------------+---------------------+------------------------------------+


+------------------------------------------------------------------------------------+
; Flow OS Summary                                                                    ;
+----------------------+------------------+------------+------------+----------------+
; Module Name          ; Machine Hostname ; OS Name    ; OS Version ; Processor type ;
+----------------------+------------------+------------+------------+----------------+
; Analysis & Synthesis ; 0E1FA5E          ; Windows 10 ; 10.0       ; x86_64         ;
; Fitter               ; 0E1FA5E          ; Windows 10 ; 10.0       ; x86_64         ;
; Assembler            ; 0E1FA5E          ; Windows 10 ; 10.0       ; x86_64         ;
; Power Analyzer       ; 0E1FA5E          ; Windows 10 ; 10.0       ; x86_64         ;
; Timing Analyzer      ; 0E1FA5E          ; Windows 10 ; 10.0       ; x86_64         ;
+----------------------+------------------+------------+------------+----------------+


------------
; Flow Log ;
------------
quartus_map --read_settings_files=on --write_settings_files=off tx -c tx
quartus_fit --read_settings_files=off --write_settings_files=off tx -c tx
quartus_asm --read_settings_files=off --write_settings_files=off tx -c tx
quartus_pow --read_settings_files=off --write_settings_files=off tx -c tx
quartus_sta tx -c tx



