Flow report for Demod_Top
Thu Dec 14 04:45:45 2023
Quartus Prime Version 22.1std.2 Build 922 07/20/2023 SC Lite Edition


---------------------
; Table of Contents ;
---------------------
  1. Legal Notice
  2. Flow Summary
  3. Flow Settings
  4. Flow Non-Default Global Settings
  5. Flow Elapsed Time
  6. Flow OS Summary
  7. Flow Log
  8. Flow Messages
  9. Flow Suppressed Messages



----------------
; Legal Notice ;
----------------
Copyright (C) 2023  Intel Corporation. All rights reserved.
Your use of Intel Corporation's design tools, logic functions 
and other software and tools, and any partner logic 
functions, and any output files from any of the foregoing 
(including device programming or simulation files), and any 
associated documentation or information are expressly subject 
to the terms and conditions of the Intel Program License 
Subscription Agreement, the Intel Quartus Prime License Agreement,
the Intel FPGA IP License Agreement, or other applicable license
agreement, including, without limitation, that your use is for
the sole purpose of programming logic devices manufactured by
Intel and sold by Intel or its authorized distributors.  Please
refer to the applicable agreement for further details, at
https://fpgasoftware.intel.com/eula.



+----------------------------------------------------------------------------------+
; Flow Summary                                                                     ;
+---------------------------------+------------------------------------------------+
; Flow Status                     ; Successful - Thu Dec 14 04:45:45 2023          ;
; Quartus Prime Version           ; 22.1std.2 Build 922 07/20/2023 SC Lite Edition ;
; Revision Name                   ; Demod_Top                                      ;
; Top-level Entity Name           ; Demod_Top                                      ;
; Family                          ; Cyclone V                                      ;
; Device                          ; 5CSEBA6U19I7                                   ;
; Timing Models                   ; Final                                          ;
; Logic utilization (in ALMs)     ; 89 / 41,910 ( < 1 % )                          ;
; Total registers                 ; 79                                             ;
; Total pins                      ; 39 / 205 ( 19 % )                              ;
; Total virtual pins              ; 0                                              ;
; Total block memory bits         ; 0 / 5,662,720 ( 0 % )                          ;
; Total DSP Blocks                ; 0 / 112 ( 0 % )                                ;
; Total HSSI RX PCSs              ; 0                                              ;
; Total HSSI PMA RX Deserializers ; 0                                              ;
; Total HSSI TX PCSs              ; 0                                              ;
; Total HSSI PMA TX Serializers   ; 0                                              ;
; Total PLLs                      ; 0 / 6 ( 0 % )                                  ;
; Total DLLs                      ; 0 / 4 ( 0 % )                                  ;
+---------------------------------+------------------------------------------------+


+-----------------------------------------+
; Flow Settings                           ;
+-------------------+---------------------+
; Option            ; Setting             ;
+-------------------+---------------------+
; Start date & time ; 12/14/2023 03:02:40 ;
; Main task         ; Compilation         ;
; Revision Name     ; Demod_Top           ;
+-------------------+---------------------+


+---------------------------------------------------------------------------------------------------------------------------+
; Flow Non-Default Global Settings                                                                                          ;
+-------------------------------------+----------------------------------------+---------------+-------------+--------------+
; Assignment Name                     ; Value                                  ; Default Value ; Entity Name ; Section Id   ;
+-------------------------------------+----------------------------------------+---------------+-------------+--------------+
; COMPILER_SIGNATURE_ID               ; 2543711158273.170251575907432          ; --            ; --          ; --           ;
; FLOW_ENABLE_POWER_ANALYZER          ; On                                     ; Off           ; --          ; --           ;
; MAX_CORE_JUNCTION_TEMP              ; 100                                    ; --            ; --          ; --           ;
; MIN_CORE_JUNCTION_TEMP              ; -40                                    ; --            ; --          ; --           ;
; PARTITION_COLOR                     ; -- (Not supported for targeted family) ; --            ; --          ; Top          ;
; PARTITION_FITTER_PRESERVATION_LEVEL ; -- (Not supported for targeted family) ; --            ; --          ; Top          ;
; PARTITION_NETLIST_TYPE              ; -- (Not supported for targeted family) ; --            ; --          ; Top          ;
; POWER_BOARD_THERMAL_MODEL           ; None (CONSERVATIVE)                    ; --            ; --          ; --           ;
; POWER_DEFAULT_INPUT_IO_TOGGLE_RATE  ; 12.5 %                                 ; 12.5%         ; --          ; --           ;
; POWER_INPUT_FILE_NAME               ; ../vcd_file.vcd                        ; --            ; --          ; vcd_file.vcd ;
; POWER_PRESET_COOLING_SOLUTION       ; 23 MM HEAT SINK WITH 200 LFPM AIRFLOW  ; --            ; --          ; --           ;
; POWER_USE_INPUT_FILES               ; On                                     ; Off           ; --          ; --           ;
; PROJECT_OUTPUT_DIRECTORY            ; output_files                           ; --            ; --          ; --           ;
+-------------------------------------+----------------------------------------+---------------+-------------+--------------+


+--------------------------------------------------------------------------------------------------------------------------+
; Flow Elapsed Time                                                                                                        ;
+----------------------+--------------+-------------------------+---------------------+------------------------------------+
; Module Name          ; Elapsed Time ; Average Processors Used ; Peak Virtual Memory ; Total CPU Time (on all processors) ;
+----------------------+--------------+-------------------------+---------------------+------------------------------------+
; Analysis & Synthesis ; 00:00:27     ; 1.0                     ; 4893 MB             ; 00:00:32                           ;
; Fitter               ; 00:01:11     ; 1.0                     ; 6738 MB             ; 00:01:30                           ;
; Assembler            ; 00:00:33     ; 1.0                     ; 4907 MB             ; 00:00:32                           ;
; Power Analyzer       ; 00:00:23     ; 1.1                     ; 5346 MB             ; 00:00:23                           ;
; Timing Analyzer      ; 00:00:24     ; 1.1                     ; 5245 MB             ; 00:00:24                           ;
; Power Analyzer       ; 00:01:13     ; 1.0                     ; 5349 MB             ; 00:01:11                           ;
; Power Analyzer       ; 00:35:31     ; 1.0                     ; 5346 MB             ; 00:07:02                           ;
; Total                ; 00:39:42     ; --                      ; --                  ; 00:11:34                           ;
+----------------------+--------------+-------------------------+---------------------+------------------------------------+


+------------------------------------------------------------------------------------+
; Flow OS Summary                                                                    ;
+----------------------+------------------+------------+------------+----------------+
; Module Name          ; Machine Hostname ; OS Name    ; OS Version ; Processor type ;
+----------------------+------------------+------------+------------+----------------+
; Analysis & Synthesis ; 0E1FA5E          ; Windows 10 ; 10.0       ; x86_64         ;
; Fitter               ; 0E1FA5E          ; Windows 10 ; 10.0       ; x86_64         ;
; Assembler            ; 0E1FA5E          ; Windows 10 ; 10.0       ; x86_64         ;
; Power Analyzer       ; 0E1FA5E          ; Windows 10 ; 10.0       ; x86_64         ;
; Timing Analyzer      ; 0E1FA5E          ; Windows 10 ; 10.0       ; x86_64         ;
; Power Analyzer       ; 0E1FA5E          ; Windows 10 ; 10.0       ; x86_64         ;
; Power Analyzer       ; 0E1FA5E          ; Windows 10 ; 10.0       ; x86_64         ;
+----------------------+------------------+------------+------------+----------------+


------------
; Flow Log ;
------------
quartus_map --read_settings_files=on --write_settings_files=off Demod_Top -c Demod_Top
quartus_fit --read_settings_files=off --write_settings_files=off Demod_Top -c Demod_Top
quartus_asm --read_settings_files=off --write_settings_files=off Demod_Top -c Demod_Top
quartus_pow --read_settings_files=off --write_settings_files=off Demod_Top -c Demod_Top
quartus_sta Demod_Top -c Demod_Top
quartus_pow --read_settings_files=on --write_settings_files=off Demod_Top -c Demod_Top
quartus_pow --read_settings_files=on --write_settings_files=off Demod_Top -c Demod_Top



