Flow report for booth_mul
Wed Nov 29 03:36:30 2023
Quartus Prime Version 22.1std.2 Build 922 07/20/2023 SC Lite Edition


---------------------
; Table of Contents ;
---------------------
  1. Legal Notice
  2. Flow Summary
  3. Flow Settings
  4. Flow Non-Default Global Settings
  5. Flow Elapsed Time
  6. Flow OS Summary
  7. Flow Log
  8. Flow Messages
  9. Flow Suppressed Messages



----------------
; Legal Notice ;
----------------
Copyright (C) 2023  Intel Corporation. All rights reserved.
Your use of Intel Corporation's design tools, logic functions 
and other software and tools, and any partner logic 
functions, and any output files from any of the foregoing 
(including device programming or simulation files), and any 
associated documentation or information are expressly subject 
to the terms and conditions of the Intel Program License 
Subscription Agreement, the Intel Quartus Prime License Agreement,
the Intel FPGA IP License Agreement, or other applicable license
agreement, including, without limitation, that your use is for
the sole purpose of programming logic devices manufactured by
Intel and sold by Intel or its authorized distributors.  Please
refer to the applicable agreement for further details, at
https://fpgasoftware.intel.com/eula.



+----------------------------------------------------------------------------------+
; Flow Summary                                                                     ;
+---------------------------------+------------------------------------------------+
; Flow Status                     ; Successful - Wed Nov 29 03:36:05 2023          ;
; Quartus Prime Version           ; 22.1std.2 Build 922 07/20/2023 SC Lite Edition ;
; Revision Name                   ; booth_mul                                      ;
; Top-level Entity Name           ; booth_mul                                      ;
; Family                          ; Cyclone V                                      ;
; Device                          ; 5CEFA2U19I7                                    ;
; Timing Models                   ; Final                                          ;
; Logic utilization (in ALMs)     ; 61 / 9,430 ( < 1 % )                           ;
; Total registers                 ; 32                                             ;
; Total pins                      ; 34 / 224 ( 15 % )                              ;
; Total virtual pins              ; 0                                              ;
; Total block memory bits         ; 0 / 1,802,240 ( 0 % )                          ;
; Total DSP Blocks                ; 0 / 25 ( 0 % )                                 ;
; Total HSSI RX PCSs              ; 0                                              ;
; Total HSSI PMA RX Deserializers ; 0                                              ;
; Total HSSI TX PCSs              ; 0                                              ;
; Total HSSI PMA TX Serializers   ; 0                                              ;
; Total PLLs                      ; 0 / 4 ( 0 % )                                  ;
; Total DLLs                      ; 0 / 4 ( 0 % )                                  ;
+---------------------------------+------------------------------------------------+


+-----------------------------------------+
; Flow Settings                           ;
+-------------------+---------------------+
; Option            ; Setting             ;
+-------------------+---------------------+
; Start date & time ; 11/29/2023 03:34:11 ;
; Main task         ; Compilation         ;
; Revision Name     ; booth_mul           ;
+-------------------+---------------------+


+-------------------------------------------------------------------------------------------------------------------------+
; Flow Non-Default Global Settings                                                                                        ;
+-------------------------------------+----------------------------------------+---------------+-------------+------------+
; Assignment Name                     ; Value                                  ; Default Value ; Entity Name ; Section Id ;
+-------------------------------------+----------------------------------------+---------------+-------------+------------+
; COMPILER_SIGNATURE_ID               ; 2543711158273.170122165102292          ; --            ; --          ; --         ;
; MAX_CORE_JUNCTION_TEMP              ; 100                                    ; --            ; --          ; --         ;
; MIN_CORE_JUNCTION_TEMP              ; -40                                    ; --            ; --          ; --         ;
; PARTITION_COLOR                     ; -- (Not supported for targeted family) ; --            ; --          ; Top        ;
; PARTITION_FITTER_PRESERVATION_LEVEL ; -- (Not supported for targeted family) ; --            ; --          ; Top        ;
; PARTITION_NETLIST_TYPE              ; -- (Not supported for targeted family) ; --            ; --          ; Top        ;
; PROJECT_OUTPUT_DIRECTORY            ; output_files                           ; --            ; --          ; --         ;
+-------------------------------------+----------------------------------------+---------------+-------------+------------+


+--------------------------------------------------------------------------------------------------------------------------+
; Flow Elapsed Time                                                                                                        ;
+----------------------+--------------+-------------------------+---------------------+------------------------------------+
; Module Name          ; Elapsed Time ; Average Processors Used ; Peak Virtual Memory ; Total CPU Time (on all processors) ;
+----------------------+--------------+-------------------------+---------------------+------------------------------------+
; Analysis & Synthesis ; 00:00:27     ; 1.0                     ; 4894 MB             ; 00:00:30                           ;
; Fitter               ; 00:01:08     ; 1.0                     ; 6481 MB             ; 00:01:07                           ;
; Assembler            ; 00:00:32     ; 1.0                     ; 4902 MB             ; 00:00:28                           ;
; Timing Analyzer      ; 00:00:24     ; 1.1                     ; 5171 MB             ; 00:00:22                           ;
; Total                ; 00:02:31     ; --                      ; --                  ; 00:02:27                           ;
+----------------------+--------------+-------------------------+---------------------+------------------------------------+


+------------------------------------------------------------------------------------+
; Flow OS Summary                                                                    ;
+----------------------+------------------+------------+------------+----------------+
; Module Name          ; Machine Hostname ; OS Name    ; OS Version ; Processor type ;
+----------------------+------------------+------------+------------+----------------+
; Analysis & Synthesis ; 0E1FA5E          ; Windows 10 ; 10.0       ; x86_64         ;
; Fitter               ; 0E1FA5E          ; Windows 10 ; 10.0       ; x86_64         ;
; Assembler            ; 0E1FA5E          ; Windows 10 ; 10.0       ; x86_64         ;
; Timing Analyzer      ; 0E1FA5E          ; Windows 10 ; 10.0       ; x86_64         ;
+----------------------+------------------+------------+------------+----------------+


------------
; Flow Log ;
------------
quartus_map --read_settings_files=on --write_settings_files=off booth_mul -c booth_mul
quartus_fit --read_settings_files=off --write_settings_files=off booth_mul -c booth_mul
quartus_asm --read_settings_files=off --write_settings_files=off booth_mul -c booth_mul
quartus_sta booth_mul -c booth_mul



